<?xml version="1.0" encoding="UTF-8"?>
<testng-results skipped="0" failed="0" total="1" passed="1">
  <reporter-output>
  </reporter-output>
  <suite name="Surefire suite" duration-ms="77825" started-at="2019-01-26T19:21:52Z" finished-at="2019-01-26T19:23:10Z">
    <groups>
      <group name="cucumber">
        <method signature="AbstractTestNGCucumberTests.feature(cucumber.api.testng.CucumberFeatureWrapper)[pri:0, instance:_01pdfandxml01IT@d8355a8]" name="feature" class="cucumber.api.testng.AbstractTestNGCucumberTests"/>
      </group> <!-- cucumber -->
    </groups>
    <test name="Surefire test" duration-ms="77825" started-at="2019-01-26T19:21:52Z" finished-at="2019-01-26T19:23:10Z">
      <class name="_01pdfandxml01IT">
        <test-method status="PASS" signature="setUpClass()[pri:0, instance:_01pdfandxml01IT@d8355a8]" name="setUpClass" is-config="true" duration-ms="509" started-at="2019-01-27T00:51:52Z" finished-at="2019-01-27T00:51:52Z">
          <reporter-output>
          </reporter-output>
        </test-method> <!-- setUpClass -->
        <test-method status="PASS" signature="feature(cucumber.api.testng.CucumberFeatureWrapper)[pri:0, instance:_01pdfandxml01IT@d8355a8]" name="feature" duration-ms="77086" started-at="2019-01-27T00:51:53Z" description="Runs Cucumber Feature" data-provider="features" finished-at="2019-01-27T00:53:10Z">
          <params>
            <param index="0">
              <value>
                <![CDATA[xml Test]]>
              </value>
            </param>
          </params>
          <reporter-output>
          </reporter-output>
        </test-method> <!-- feature -->
        <test-method status="PASS" signature="tearDownClass()[pri:0, instance:_01pdfandxml01IT@d8355a8]" name="tearDownClass" is-config="true" duration-ms="71" started-at="2019-01-27T00:53:10Z" finished-at="2019-01-27T00:53:10Z">
          <reporter-output>
          </reporter-output>
        </test-method> <!-- tearDownClass -->
      </class> <!-- _01pdfandxml01IT -->
    </test> <!-- Surefire test -->
  </suite> <!-- Surefire suite -->
</testng-results>
