<?xml version="1.0" encoding="UTF-8"?>
<testng-results skipped="0" failed="0" total="2" passed="2">
  <reporter-output>
  </reporter-output>
  <suite name="Default suite" duration-ms="337" started-at="2019-01-25T10:39:44Z" finished-at="2019-01-25T10:39:44Z">
    <groups>
      <group name="cucumber">
        <method signature="AbstractTestNGCucumberTests.feature(cucumber.api.testng.CucumberFeatureWrapper)[pri:0, instance:Runner.TestNgRunnerTest@5d76b067]" name="feature" class="cucumber.api.testng.AbstractTestNGCucumberTests"/>
      </group> <!-- cucumber -->
    </groups>
    <test name="Default test" duration-ms="337" started-at="2019-01-25T10:39:44Z" finished-at="2019-01-25T10:39:44Z">
      <class name="Runner.TestNgRunnerTest">
        <test-method status="PASS" signature="setUpClass()[pri:0, instance:Runner.TestNgRunnerTest@5d76b067]" name="setUpClass" is-config="true" duration-ms="201" started-at="2019-01-25T16:09:44Z" finished-at="2019-01-25T16:09:44Z">
          <reporter-output>
          </reporter-output>
        </test-method> <!-- setUpClass -->
        <test-method status="PASS" signature="feature(cucumber.api.testng.CucumberFeatureWrapper)[pri:0, instance:Runner.TestNgRunnerTest@5d76b067]" name="feature" duration-ms="27" started-at="2019-01-25T16:09:44Z" description="Runs Cucumber Feature" data-provider="features" finished-at="2019-01-25T16:09:44Z">
          <params>
            <param index="0">
              <value>
                <![CDATA[xml Test]]>
              </value>
            </param>
          </params>
          <reporter-output>
          </reporter-output>
        </test-method> <!-- feature -->
        <test-method status="PASS" signature="feature(cucumber.api.testng.CucumberFeatureWrapper)[pri:0, instance:Runner.TestNgRunnerTest@5d76b067]" name="feature" duration-ms="7" started-at="2019-01-25T16:09:44Z" description="Runs Cucumber Feature" data-provider="features" finished-at="2019-01-25T16:09:44Z">
          <params>
            <param index="0">
              <value>
                <![CDATA[2nd Feature File]]>
              </value>
            </param>
          </params>
          <reporter-output>
          </reporter-output>
        </test-method> <!-- feature -->
        <test-method status="PASS" signature="tearDownClass()[pri:0, instance:Runner.TestNgRunnerTest@5d76b067]" name="tearDownClass" is-config="true" duration-ms="13" started-at="2019-01-25T16:09:44Z" finished-at="2019-01-25T16:09:44Z">
          <reporter-output>
          </reporter-output>
        </test-method> <!-- tearDownClass -->
        <test-method status="PASS" signature="messageAfterSuite()[pri:0, instance:Runner.TestNgRunnerTest@5d76b067]" name="messageAfterSuite" is-config="true" duration-ms="0" started-at="2019-01-25T16:09:44Z" finished-at="2019-01-25T16:09:44Z">
          <reporter-output>
          </reporter-output>
        </test-method> <!-- messageAfterSuite -->
      </class> <!-- Runner.TestNgRunnerTest -->
    </test> <!-- Default test -->
  </suite> <!-- Default suite -->
</testng-results>
